<?xml version="1.0" encoding="UTF-8"?>
<!-- Generated by org.testng.reporters.JUnitXMLReporter -->
<testsuite ignored="0" hostname="Ikigai" failures="0" tests="8" name="ChromeTest" time="163.713" errors="0" timestamp="2025-01-26T13:45:47 IST">
  <testcase classname="pages.HomePage" name="@AfterTest tearDown" time="0.001">
    <failure type="java.lang.Error" message="Unresolved compilation problems: 
	extent cannot be resolved to a variable
	extent cannot be resolved
">
      <![CDATA[java.lang.Error: Unresolved compilation problems: 
extent cannot be resolved to a variable
extent cannot be resolved

at pages.HomePage.tearDown(HomePage.java:486)
at java.base/java.util.concurrent.FutureTask.run(FutureTask.java:317)
at java.base/java.util.concurrent.ThreadPoolExecutor.runWorker(ThreadPoolExecutor.java:1144)
at java.base/java.util.concurrent.ThreadPoolExecutor$Worker.run(ThreadPoolExecutor.java:642)
at java.base/java.lang.Thread.run(Thread.java:1575)
... Removed 13 stack frames]]>
    </failure>
  </testcase> <!-- @AfterTest tearDown -->
  <testcase classname="pages.HomePage" name="verifyHomePageSections" time="19.902"/>
  <testcase classname="pages.HomePage" name="testSearchBarFunctionality" time="8.716"/>
  <testcase classname="pages.HomePage" name="testUserRegistration" time="16.798"/>
  <testcase classname="pages.HomePage" name="testUserLogin" time="9.566"/>
  <testcase classname="pages.HomePage" name="testPasswordRecovery" time="26.963"/>
  <testcase classname="pages.HomePage" name="testNavigationToHealthPrograms" time="30.644"/>
  <testcase classname="pages.HomePage" name="testNavigationToServices" time="5.787"/>
  <testcase classname="pages.HomePage" name="testFormSubmmission" time="13.059"/>
</testsuite> <!-- ChromeTest -->
